[debug] [2026-06-25T19:52:59.799Z] ----------------------------------------------------------------------
[debug] [2026-06-25T19:52:59.803Z] Command:       /Users/apple/.nvm/versions/node/v24.16.0/bin/node /Users/apple/.nvm/versions/node/v24.16.0/bin/firebase deploy --only functions,firestore:rules
[debug] [2026-06-25T19:52:59.803Z] CLI Version:   15.22.1
[debug] [2026-06-25T19:52:59.803Z] Platform:      darwin
[debug] [2026-06-25T19:52:59.803Z] Node Version:  v24.16.0
[debug] [2026-06-25T19:52:59.803Z] Detected Agent: unknown
[debug] [2026-06-25T19:52:59.803Z] Time:          Fri Jun 26 2026 00:52:59 GMT+0500 (Pakistan Standard Time)
[debug] [2026-06-25T19:52:59.803Z] ----------------------------------------------------------------------
[debug] 
[debug] [2026-06-25T19:53:01.567Z] > command requires scopes: ["email","openid","https://www.googleapis.com/auth/cloudplatformprojects.readonly","https://www.googleapis.com/auth/firebase","https://www.googleapis.com/auth/cloud-platform"]
[debug] [2026-06-25T19:53:01.567Z] > authorizing via signed-in user (iammuhammadharis9@gmail.com)
[debug] [2026-06-25T19:53:01.567Z] [iam] checking project mock-api-baad7 for permissions ["cloudfunctions.functions.create","cloudfunctions.functions.delete","cloudfunctions.functions.get","cloudfunctions.functions.list","cloudfunctions.functions.update","cloudfunctions.operations.get","datastore.indexes.create","datastore.indexes.delete","datastore.indexes.list","datastore.indexes.update","firebase.projects.get"]
[debug] [2026-06-25T19:53:01.568Z] Checked if tokens are valid: false, expires at: 1782416962908
[debug] [2026-06-25T19:53:01.568Z] Checked if tokens are valid: false, expires at: 1782416962908
[debug] [2026-06-25T19:53:01.568Z] > refreshing access token with scopes: []
[debug] [2026-06-25T19:53:01.570Z] >>> [apiv2][query] POST https://www.googleapis.com/oauth2/v3/token [none]
[debug] [2026-06-25T19:53:01.570Z] >>> [apiv2][body] POST https://www.googleapis.com/oauth2/v3/token [omitted]
[debug] [2026-06-25T19:53:02.017Z] <<< [apiv2][status] POST https://www.googleapis.com/oauth2/v3/token 200
[debug] [2026-06-25T19:53:02.017Z] <<< [apiv2][body] POST https://www.googleapis.com/oauth2/v3/token [omitted]
[debug] [2026-06-25T19:53:02.068Z] >>> [apiv2][query] POST https://cloudresourcemanager.googleapis.com/v1/projects/mock-api-baad7:testIamPermissions [none]
[debug] [2026-06-25T19:53:02.069Z] >>> [apiv2][(partial)header] POST https://cloudresourcemanager.googleapis.com/v1/projects/mock-api-baad7:testIamPermissions  x-goog-user-project=mock-api-baad7
[debug] [2026-06-25T19:53:02.069Z] >>> [apiv2][body] POST https://cloudresourcemanager.googleapis.com/v1/projects/mock-api-baad7:testIamPermissions {"permissions":["cloudfunctions.functions.create","cloudfunctions.functions.delete","cloudfunctions.functions.get","cloudfunctions.functions.list","cloudfunctions.functions.update","cloudfunctions.operations.get","datastore.indexes.create","datastore.indexes.delete","datastore.indexes.list","datastore.indexes.update","firebase.projects.get"]}
[debug] [2026-06-25T19:53:03.603Z] <<< [apiv2][status] POST https://cloudresourcemanager.googleapis.com/v1/projects/mock-api-baad7:testIamPermissions 200
[debug] [2026-06-25T19:53:03.603Z] <<< [apiv2][body] POST https://cloudresourcemanager.googleapis.com/v1/projects/mock-api-baad7:testIamPermissions {"permissions":["cloudfunctions.functions.create","cloudfunctions.functions.delete","cloudfunctions.functions.get","cloudfunctions.functions.list","cloudfunctions.functions.update","cloudfunctions.operations.get","datastore.indexes.create","datastore.indexes.delete","datastore.indexes.list","datastore.indexes.update","firebase.projects.get"]}
[debug] [2026-06-25T19:53:03.604Z] Checked if tokens are valid: true, expires at: 1782420781017
[debug] [2026-06-25T19:53:03.604Z] Checked if tokens are valid: true, expires at: 1782420781017
[debug] [2026-06-25T19:53:03.604Z] >>> [apiv2][query] POST https://iam.googleapis.com/v1/projects/mock-api-baad7/serviceAccounts/mock-api-baad7@appspot.gserviceaccount.com:testIamPermissions [none]
[debug] [2026-06-25T19:53:03.604Z] >>> [apiv2][body] POST https://iam.googleapis.com/v1/projects/mock-api-baad7/serviceAccounts/mock-api-baad7@appspot.gserviceaccount.com:testIamPermissions {"permissions":["iam.serviceAccounts.actAs"]}
[debug] [2026-06-25T19:53:05.097Z] <<< [apiv2][status] POST https://iam.googleapis.com/v1/projects/mock-api-baad7/serviceAccounts/mock-api-baad7@appspot.gserviceaccount.com:testIamPermissions 200
[debug] [2026-06-25T19:53:05.097Z] <<< [apiv2][body] POST https://iam.googleapis.com/v1/projects/mock-api-baad7/serviceAccounts/mock-api-baad7@appspot.gserviceaccount.com:testIamPermissions {"permissions":["iam.serviceAccounts.actAs"]}
[info] 
[info] === Deploying to 'mock-api-baad7'...
[info] 
[info] i  deploying firestore, functions 
[info] i  firestore: ensuring required API firestore.googleapis.com is enabled... 
[info] i  firestore: ensuring required API firestore.googleapis.com is enabled... 
[debug] [2026-06-25T19:53:05.101Z] Checked if tokens are valid: true, expires at: 1782420781017
[debug] [2026-06-25T19:53:05.101Z] Checked if tokens are valid: true, expires at: 1782420781017
[debug] [2026-06-25T19:53:05.102Z] >>> [apiv2][query] GET https://firestore.googleapis.com/v1/projects/mock-api-baad7/databases/(default) [none]
[debug] [2026-06-25T19:53:06.723Z] <<< [apiv2][status] GET https://firestore.googleapis.com/v1/projects/mock-api-baad7/databases/(default) 200
[debug] [2026-06-25T19:53:06.724Z] <<< [apiv2][body] GET https://firestore.googleapis.com/v1/projects/mock-api-baad7/databases/(default) {"name":"projects/mock-api-baad7/databases/(default)","uid":"e88304c7-0931-4931-91a7-ebe602930662","createTime":"2026-06-24T10:40:31.749309Z","updateTime":"2026-06-24T10:40:31.749309Z","locationId":"nam5","type":"FIRESTORE_NATIVE","concurrencyMode":"PESSIMISTIC","versionRetentionPeriod":"3600s","earliestVersionTime":"2026-06-25T18:53:08.861392Z","appEngineIntegrationMode":"DISABLED","keyPrefix":"s","pointInTimeRecoveryEnablement":"POINT_IN_TIME_RECOVERY_DISABLED","deleteProtectionState":"DELETE_PROTECTION_DISABLED","databaseEdition":"STANDARD","freeTier":true,"realtimeUpdatesMode":"REALTIME_UPDATES_MODE_ENABLED","etag":"IJvniLuVo5UDMKft3JqFo5UD"}
[info] i  cloud.firestore: checking firestore.rules for compilation errors... 
[debug] [2026-06-25T19:53:06.725Z] Checked if tokens are valid: true, expires at: 1782420781017
[debug] [2026-06-25T19:53:06.725Z] Checked if tokens are valid: true, expires at: 1782420781017
[debug] [2026-06-25T19:53:06.725Z] >>> [apiv2][query] POST https://firebaserules.googleapis.com/v1/projects/mock-api-baad7:test [none]
[debug] [2026-06-25T19:53:06.725Z] >>> [apiv2][body] POST https://firebaserules.googleapis.com/v1/projects/mock-api-baad7:test [omitted]
[debug] [2026-06-25T19:53:07.923Z] <<< [apiv2][status] POST https://firebaserules.googleapis.com/v1/projects/mock-api-baad7:test 200
[debug] [2026-06-25T19:53:07.923Z] <<< [apiv2][body] POST https://firebaserules.googleapis.com/v1/projects/mock-api-baad7:test {}
[info] ✔  cloud.firestore: rules file firestore.rules compiled successfully 
[debug] [2026-06-25T19:53:07.924Z] Checked if tokens are valid: true, expires at: 1782420781017
[debug] [2026-06-25T19:53:07.925Z] Checked if tokens are valid: true, expires at: 1782420781017
[debug] [2026-06-25T19:53:07.925Z] >>> [apiv2][query] GET https://cloudresourcemanager.googleapis.com/v1/projects/mock-api-baad7 [none]
[debug] [2026-06-25T19:53:08.238Z] <<< [apiv2][status] GET https://cloudresourcemanager.googleapis.com/v1/projects/mock-api-baad7 200
[debug] [2026-06-25T19:53:08.238Z] <<< [apiv2][body] GET https://cloudresourcemanager.googleapis.com/v1/projects/mock-api-baad7 {"projectNumber":"748761841557","projectId":"mock-api-baad7","lifecycleState":"ACTIVE","name":"Mock API","labels":{"firebase":"enabled","firebase-core":"disabled"},"createTime":"2026-06-24T07:04:10.295Z","parent":{"type":"organization","id":"441531752529"}}
[info] i  functions: preparing codebase default for deployment 
[info] i  functions: ensuring required API cloudfunctions.googleapis.com is enabled... 
[info] i  functions: ensuring required API cloudbuild.googleapis.com is enabled... 
[info] i  artifactregistry: ensuring required API artifactregistry.googleapis.com is enabled... 
[debug] [2026-06-25T19:53:08.240Z] Checked if tokens are valid: true, expires at: 1782420781017
[debug] [2026-06-25T19:53:08.240Z] Checked if tokens are valid: true, expires at: 1782420781017
[debug] [2026-06-25T19:53:08.240Z] >>> [apiv2][query] GET https://firebase.googleapis.com/v1beta1/projects/mock-api-baad7/adminSdkConfig [none]
[debug] [2026-06-25T19:53:08.906Z] <<< [apiv2][status] GET https://firebase.googleapis.com/v1beta1/projects/mock-api-baad7/adminSdkConfig 200
[debug] [2026-06-25T19:53:08.906Z] <<< [apiv2][body] GET https://firebase.googleapis.com/v1beta1/projects/mock-api-baad7/adminSdkConfig {"projectId":"mock-api-baad7","storageBucket":"mock-api-baad7.firebasestorage.app"}
[debug] [2026-06-25T19:53:08.906Z] Checked if tokens are valid: true, expires at: 1782420781017
[debug] [2026-06-25T19:53:08.906Z] Checked if tokens are valid: true, expires at: 1782420781017
[debug] [2026-06-25T19:53:08.907Z] >>> [apiv2][query] GET https://runtimeconfig.googleapis.com/v1beta1/projects/mock-api-baad7/configs [none]
[debug] [2026-06-25T19:53:09.519Z] <<< [apiv2][status] GET https://runtimeconfig.googleapis.com/v1beta1/projects/mock-api-baad7/configs 200
[debug] [2026-06-25T19:53:09.519Z] <<< [apiv2][body] GET https://runtimeconfig.googleapis.com/v1beta1/projects/mock-api-baad7/configs {}
[debug] [2026-06-25T19:53:09.520Z] Validating nodejs source
[warn] ⚠  functions: Runtime Node.js 20 was deprecated on 2026-04-30 and will be decommissioned on 2026-10-30, after which you will not be able to deploy without upgrading. Consider upgrading now to avoid disruption. See https://cloud.google.com/functions/docs/runtime-support for full details on the lifecycle policy 
[warn] ⚠  functions: package.json indicates an outdated version of firebase-functions. Please upgrade using npm install --save firebase-functions@latest in your functions directory. 
[warn] ⚠  functions: Please note that there will be breaking changes when you upgrade. 
[debug] [2026-06-25T19:53:10.154Z] > [functions] package.json contents: {
  "name": "mockapi-functions",
  "private": true,
  "engines": {
    "node": "20"
  },
  "main": "index.js",
  "dependencies": {
    "cors": "^2.8.5",
    "express": "^4.19.2",
    "firebase-admin": "^12.6.0",
    "firebase-functions": "^5.1.0",
    "install": "^0.13.0"
  }
}
[debug] [2026-06-25T19:53:10.154Z] Building nodejs source
[info] i  functions: Loading and analyzing source code for codebase default to determine what to deploy 
[debug] [2026-06-25T19:53:10.155Z] Could not find functions.yaml. Must use http discovery
[debug] [2026-06-25T19:53:10.163Z] Found firebase-functions binary at '/Users/apple/Documents/projects/mock/MockAPI/functions/node_modules/.bin/firebase-functions'
[info] Serving at port 8827

[debug] [2026-06-25T19:53:10.777Z] Got response from /__/functions.yaml {"endpoints":{"api":{"availableMemoryMb":null,"timeoutSeconds":null,"minInstances":null,"maxInstances":null,"ingressSettings":null,"concurrency":null,"serviceAccountEmail":null,"vpc":null,"platform":"gcfv2","labels":{},"httpsTrigger":{},"entryPoint":"api"}},"specVersion":"v1alpha1","requiredAPIs":[],"extensions":{}}
[debug] [2026-06-25T19:53:14.802Z] Checked if tokens are valid: true, expires at: 1782420781017
[debug] [2026-06-25T19:53:14.803Z] Checked if tokens are valid: true, expires at: 1782420781017
[debug] [2026-06-25T19:53:14.803Z] >>> [apiv2][query] GET https://cloudfunctions.googleapis.com/v1/projects/mock-api-baad7/locations/-/functions [none]
[debug] [2026-06-25T19:53:15.863Z] <<< [apiv2][status] GET https://cloudfunctions.googleapis.com/v1/projects/mock-api-baad7/locations/-/functions 200
[debug] [2026-06-25T19:53:15.864Z] <<< [apiv2][body] GET https://cloudfunctions.googleapis.com/v1/projects/mock-api-baad7/locations/-/functions {}
[debug] [2026-06-25T19:53:15.864Z] Checked if tokens are valid: true, expires at: 1782420781017
[debug] [2026-06-25T19:53:15.864Z] Checked if tokens are valid: true, expires at: 1782420781017
[debug] [2026-06-25T19:53:15.864Z] >>> [apiv2][query] GET https://cloudfunctions.googleapis.com/v2/projects/mock-api-baad7/locations/-/functions filter=environment%3D%22GEN_2%22
[debug] [2026-06-25T19:53:17.006Z] <<< [apiv2][status] GET https://cloudfunctions.googleapis.com/v2/projects/mock-api-baad7/locations/-/functions 200
[debug] [2026-06-25T19:53:17.006Z] <<< [apiv2][body] GET https://cloudfunctions.googleapis.com/v2/projects/mock-api-baad7/locations/-/functions {"functions":[{"name":"projects/mock-api-baad7/locations/us-central1/functions/api","buildConfig":{"build":"projects/748761841557/locations/us-central1/builds/e3b0ea13-caab-4d3c-a8da-2a741f9943d2","runtime":"nodejs20","entryPoint":"api","source":{"storageSource":{"bucket":"gcf-v2-sources-748761841557-us-central1","object":"api/function-source.zip","generation":"1782413396313459"}},"environmentVariables":{"GOOGLE_NODE_RUN_SCRIPTS":""},"dockerRepository":"projects/mock-api-baad7/locations/us-central1/repositories/gcf-artifacts","sourceProvenance":{"resolvedStorageSource":{"bucket":"gcf-v2-sources-748761841557-us-central1","object":"api/function-source.zip","generation":"1782413396313459"}},"dockerRegistry":"ARTIFACT_REGISTRY","serviceAccount":"projects/mock-api-baad7/serviceAccounts/748761841557-compute@developer.gserviceaccount.com","automaticUpdatePolicy":{}},"serviceConfig":{"service":"projects/mock-api-baad7/locations/us-central1/services/api","timeoutSeconds":60,"environmentVariables":{"FIREBASE_CONFIG":"{\"projectId\":\"mock-api-baad7\",\"storageBucket\":\"mock-api-baad7.firebasestorage.app\"}","GCLOUD_PROJECT":"mock-api-baad7","EVENTARC_CLOUD_EVENT_SOURCE":"projects/mock-api-baad7/locations/us-central1/services/api","FUNCTION_TARGET":"api","LOG_EXECUTION_ID":"true"},"maxInstanceCount":20,"ingressSettings":"ALLOW_ALL","uri":"https://api-nfw5rlbxpa-uc.a.run.app","serviceAccountEmail":"748761841557-compute@developer.gserviceaccount.com","availableMemory":"256Mi","allTrafficOnLatestRevision":true,"revision":"api-00004-qoj","maxInstanceRequestConcurrency":80,"availableCpu":"1"},"state":"ACTIVE","updateTime":"2026-06-25T18:50:45.674679873Z","labels":{"deployment-tool":"cli-firebase","firebase-functions-hash":"2db3ee77e6f300dd33eb0726414e4440c5c2ee00"},"environment":"GEN_2","url":"https://us-central1-mock-api-baad7.cloudfunctions.net/api","createTime":"2026-06-24T10:49:31.470548464Z","satisfiesPzi":true}]}
[info] i  extensions: ensuring required API firebaseextensions.googleapis.com is enabled... 
[debug] [2026-06-25T19:53:17.007Z] > command requires scopes: ["email","openid","https://www.googleapis.com/auth/cloudplatformprojects.readonly","https://www.googleapis.com/auth/firebase","https://www.googleapis.com/auth/cloud-platform"]
[debug] [2026-06-25T19:53:17.007Z] > authorizing via signed-in user (iammuhammadharis9@gmail.com)
[debug] [2026-06-25T19:53:17.007Z] [iam] checking project mock-api-baad7 for permissions ["firebase.projects.get","firebaseextensions.instances.list"]
[debug] [2026-06-25T19:53:17.007Z] Checked if tokens are valid: true, expires at: 1782420781017
[debug] [2026-06-25T19:53:17.007Z] Checked if tokens are valid: true, expires at: 1782420781017
[debug] [2026-06-25T19:53:17.007Z] >>> [apiv2][query] POST https://cloudresourcemanager.googleapis.com/v1/projects/mock-api-baad7:testIamPermissions [none]
[debug] [2026-06-25T19:53:17.007Z] >>> [apiv2][(partial)header] POST https://cloudresourcemanager.googleapis.com/v1/projects/mock-api-baad7:testIamPermissions  x-goog-user-project=mock-api-baad7
[debug] [2026-06-25T19:53:17.008Z] >>> [apiv2][body] POST https://cloudresourcemanager.googleapis.com/v1/projects/mock-api-baad7:testIamPermissions {"permissions":["firebase.projects.get","firebaseextensions.instances.list"]}
[debug] [2026-06-25T19:53:18.525Z] <<< [apiv2][status] POST https://cloudresourcemanager.googleapis.com/v1/projects/mock-api-baad7:testIamPermissions 200
[debug] [2026-06-25T19:53:18.525Z] <<< [apiv2][body] POST https://cloudresourcemanager.googleapis.com/v1/projects/mock-api-baad7:testIamPermissions {"permissions":["firebase.projects.get","firebaseextensions.instances.list"]}
[debug] [2026-06-25T19:53:18.526Z] Checked if tokens are valid: true, expires at: 1782420781017
[debug] [2026-06-25T19:53:18.526Z] Checked if tokens are valid: true, expires at: 1782420781017
[debug] [2026-06-25T19:53:18.526Z] >>> [apiv2][query] GET https://firebaseextensions.googleapis.com/v1beta/projects/mock-api-baad7/instances pageSize=100&pageToken=
[debug] [2026-06-25T19:53:20.298Z] <<< [apiv2][status] GET https://firebaseextensions.googleapis.com/v1beta/projects/mock-api-baad7/instances 200
[debug] [2026-06-25T19:53:20.298Z] <<< [apiv2][body] GET https://firebaseextensions.googleapis.com/v1beta/projects/mock-api-baad7/instances {}
[info] i  functions: preparing functions directory for uploading... 
[info] i  functions: packaged /Users/apple/Documents/projects/mock/MockAPI/functions (33.23 KB) for uploading 
[info] i  functions: ensuring required API run.googleapis.com is enabled... 
[info] i  functions: ensuring required API eventarc.googleapis.com is enabled... 
[info] i  functions: ensuring required API pubsub.googleapis.com is enabled... 
[info] i  functions: ensuring required API storage.googleapis.com is enabled... 
[info] i  functions: generating the service identity for pubsub.googleapis.com... 
[debug] [2026-06-25T19:53:20.329Z] Checked if tokens are valid: true, expires at: 1782420781017
[debug] [2026-06-25T19:53:20.329Z] Checked if tokens are valid: true, expires at: 1782420781017
[info] i  functions: generating the service identity for eventarc.googleapis.com... 
[debug] [2026-06-25T19:53:20.329Z] Checked if tokens are valid: true, expires at: 1782420781017
[debug] [2026-06-25T19:53:20.329Z] Checked if tokens are valid: true, expires at: 1782420781017
[debug] [2026-06-25T19:53:20.330Z] >>> [apiv2][query] POST https://serviceusage.googleapis.com/v1beta1/projects/748761841557/services/pubsub.googleapis.com:generateServiceIdentity [none]
[debug] [2026-06-25T19:53:20.330Z] >>> [apiv2][(partial)header] POST https://serviceusage.googleapis.com/v1beta1/projects/748761841557/services/pubsub.googleapis.com:generateServiceIdentity  x-goog-user-project=748761841557
[debug] [2026-06-25T19:53:20.330Z] >>> [apiv2][body] POST https://serviceusage.googleapis.com/v1beta1/projects/748761841557/services/pubsub.googleapis.com:generateServiceIdentity {}
[debug] [2026-06-25T19:53:20.330Z] >>> [apiv2][query] POST https://serviceusage.googleapis.com/v1beta1/projects/748761841557/services/eventarc.googleapis.com:generateServiceIdentity [none]
[debug] [2026-06-25T19:53:20.330Z] >>> [apiv2][(partial)header] POST https://serviceusage.googleapis.com/v1beta1/projects/748761841557/services/eventarc.googleapis.com:generateServiceIdentity  x-goog-user-project=748761841557
[debug] [2026-06-25T19:53:20.330Z] >>> [apiv2][body] POST https://serviceusage.googleapis.com/v1beta1/projects/748761841557/services/eventarc.googleapis.com:generateServiceIdentity {}
[debug] [2026-06-25T19:53:22.054Z] <<< [apiv2][status] POST https://serviceusage.googleapis.com/v1beta1/projects/748761841557/services/eventarc.googleapis.com:generateServiceIdentity 200
[debug] [2026-06-25T19:53:22.055Z] <<< [apiv2][body] POST https://serviceusage.googleapis.com/v1beta1/projects/748761841557/services/eventarc.googleapis.com:generateServiceIdentity {"name":"operations/finished.DONE_OPERATION","done":true,"response":{"@type":"type.googleapis.com/google.api.serviceusage.v1beta1.ServiceIdentity","email":"service-748761841557@gcp-sa-eventarc.iam.gserviceaccount.com","uniqueId":"108025496524437065331"}}
[debug] [2026-06-25T19:53:22.091Z] <<< [apiv2][status] POST https://serviceusage.googleapis.com/v1beta1/projects/748761841557/services/pubsub.googleapis.com:generateServiceIdentity 200
[debug] [2026-06-25T19:53:22.091Z] <<< [apiv2][body] POST https://serviceusage.googleapis.com/v1beta1/projects/748761841557/services/pubsub.googleapis.com:generateServiceIdentity {"name":"operations/finished.DONE_OPERATION","done":true,"response":{"@type":"type.googleapis.com/google.api.serviceusage.v1beta1.ServiceIdentity","email":"service-748761841557@gcp-sa-pubsub.iam.gserviceaccount.com","uniqueId":"116099608118808369091"}}
[debug] [2026-06-25T19:53:22.094Z] Checked if tokens are valid: true, expires at: 1782420781017
[debug] [2026-06-25T19:53:22.094Z] Checked if tokens are valid: true, expires at: 1782420781017
[debug] [2026-06-25T19:53:22.094Z] >>> [apiv2][query] GET https://cloudresourcemanager.googleapis.com/v1/projects/mock-api-baad7 [none]
[debug] [2026-06-25T19:53:22.398Z] <<< [apiv2][status] GET https://cloudresourcemanager.googleapis.com/v1/projects/mock-api-baad7 200
[debug] [2026-06-25T19:53:22.398Z] <<< [apiv2][body] GET https://cloudresourcemanager.googleapis.com/v1/projects/mock-api-baad7 {"projectNumber":"748761841557","projectId":"mock-api-baad7","lifecycleState":"ACTIVE","name":"Mock API","labels":{"firebase":"enabled","firebase-core":"disabled"},"createTime":"2026-06-24T07:04:10.295Z","parent":{"type":"organization","id":"441531752529"}}
[debug] [2026-06-25T19:53:22.398Z] Checked if tokens are valid: true, expires at: 1782420781017
[debug] [2026-06-25T19:53:22.399Z] Checked if tokens are valid: true, expires at: 1782420781017
[debug] [2026-06-25T19:53:22.399Z] >>> [apiv2][query] GET https://compute.googleapis.com/compute/v1/projects/748761841557 [none]
[debug] [2026-06-25T19:53:23.141Z] <<< [apiv2][status] GET https://compute.googleapis.com/compute/v1/projects/748761841557 200
[debug] [2026-06-25T19:53:23.141Z] <<< [apiv2][body] GET https://compute.googleapis.com/compute/v1/projects/748761841557 {"kind":"compute#project","id":"4888130083930357194","creationTimestamp":"2026-06-24T09:17:41.473-07:00","name":"mock-api-baad7","commonInstanceMetadata":{"kind":"compute#metadata","fingerprint":"c0r34UyXnb8="},"quotas":[{"metric":"SNAPSHOTS","limit":1000,"usage":0},{"metric":"NETWORKS","limit":5,"usage":1},{"metric":"FIREWALLS","limit":100,"usage":4},{"metric":"IMAGES","limit":100,"usage":0},{"metric":"STATIC_ADDRESSES","limit":8,"usage":0},{"metric":"ROUTES","limit":200,"usage":0},{"metric":"FORWARDING_RULES","limit":15,"usage":0},{"metric":"TARGET_POOLS","limit":50,"usage":0},{"metric":"HEALTH_CHECKS","limit":75,"usage":0},{"metric":"IN_USE_ADDRESSES","limit":8,"usage":0},{"metric":"TARGET_INSTANCES","limit":50,"usage":0},{"metric":"TARGET_HTTP_PROXIES","limit":10,"usage":0},{"metric":"URL_MAPS","limit":10,"usage":0},{"metric":"BACKEND_SERVICES","limit":50,"usage":0},{"metric":"INSTANCE_TEMPLATES","limit":100,"usage":0},{"metric":"TARGET_VPN_GATEWAYS","limit":5,"usage":0},{"metric":"VPN_TUNNELS","limit":10,"usage":0},{"metric":"BACKEND_BUCKETS","limit":3,"usage":0},{"metric":"ROUTERS","limit":10,"usage":0},{"metric":"TARGET_SSL_PROXIES","limit":10,"usage":0},{"metric":"TARGET_HTTPS_PROXIES","limit":10,"usage":0},{"metric":"SSL_CERTIFICATES","limit":10,"usage":0},{"metric":"SUBNETWORKS","limit":100,"usage":0},{"metric":"TARGET_TCP_PROXIES","limit":10,"usage":0},{"metric":"CPUS_ALL_REGIONS","limit":32,"usage":0},{"metric":"SECURITY_POLICIES","limit":10,"usage":0},{"metric":"SECURITY_POLICY_RULES","limit":100,"usage":0},{"metric":"XPN_SERVICE_PROJECTS","limit":1000,"usage":0},{"metric":"PACKET_MIRRORINGS","limit":20,"usage":0},{"metric":"NETWORK_ENDPOINT_GROUPS","limit":100,"usage":0},{"metric":"INTERCONNECTS","limit":6,"usage":0},{"metric":"SSL_POLICIES","limit":10,"usage":0},{"metric":"GLOBAL_INTERNAL_ADDRESSES","limit":5000,"usage":0},{"metric":"VPN_GATEWAYS","limit":5,"usage":0},{"metric":"MACHINE_IMAGES","limit":100,"usage":0},{"metric":"SECURITY_POLICY_CEVAL_RULES","limit":20,"usage":0},{"metric":"GPUS_ALL_REGIONS","limit":0,"usage":0},{"metric":"EXTERNAL_VPN_GATEWAYS","limit":5,"usage":0},{"metric":"PUBLIC_ADVERTISED_PREFIXES","limit":1,"usage":0},{"metric":"PUBLIC_DELEGATED_PREFIXES","limit":10,"usage":0},{"metric":"STATIC_BYOIP_ADDRESSES","limit":128,"usage":0},{"metric":"NETWORK_FIREWALL_POLICIES","limit":10,"usage":0},{"metric":"INTERNAL_TRAFFIC_DIRECTOR_FORWARDING_RULES","limit":15,"usage":0},{"metric":"GLOBAL_EXTERNAL_MANAGED_FORWARDING_RULES","limit":15,"usage":0},{"metric":"GLOBAL_INTERNAL_MANAGED_BACKEND_SERVICES","limit":50,"usage":0},{"metric":"GLOBAL_EXTERNAL_MANAGED_BACKEND_SERVICES","limit":50,"usage":0},{"metric":"GLOBAL_EXTERNAL_PROXY_LB_BACKEND_SERVICES","limit":50,"usage":0},{"metric":"GLOBAL_INTERNAL_TRAFFIC_DIRECTOR_BACKEND_SERVICES","limit":250,"usage":0}],"selfLink":"https://www.googleapis.com/compute/v1/projects/mock-api-baad7","defaultServiceAccount":"748761841557-compute@developer.gserviceaccount.com","xpnProjectStatus":"UNSPECIFIED_XPN_PROJECT_STATUS","defaultNetworkTier":"PREMIUM","vmDnsSetting":"ZONAL_ONLY","cloudArmorTier":"CA_STANDARD"}
[debug] [2026-06-25T19:53:23.142Z] Checked if tokens are valid: true, expires at: 1782420781017
[debug] [2026-06-25T19:53:23.142Z] Checked if tokens are valid: true, expires at: 1782420781017
[debug] [2026-06-25T19:53:23.142Z] >>> [apiv2][query] GET https://firebaserules.googleapis.com/v1/projects/mock-api-baad7/releases pageSize=10&pageToken=
[debug] [2026-06-25T19:53:24.325Z] <<< [apiv2][status] GET https://firebaserules.googleapis.com/v1/projects/mock-api-baad7/releases 200
[debug] [2026-06-25T19:53:24.325Z] <<< [apiv2][body] GET https://firebaserules.googleapis.com/v1/projects/mock-api-baad7/releases {"releases":[{"name":"projects/mock-api-baad7/releases/cloud.firestore","rulesetName":"projects/mock-api-baad7/rulesets/6161cc6a-3c7c-42ca-b133-7b8e25e2ead9","createTime":"2026-06-24T10:49:26.498217Z","updateTime":"2026-06-25T18:49:54.549236Z"},{"name":"projects/mock-api-baad7/releases/cloud.firestore/mock-api","rulesetName":"projects/mock-api-baad7/rulesets/5ff18c46-71cf-41a9-8413-1c2ad13c968f","createTime":"2026-06-24T10:43:12.815857Z","updateTime":"2026-06-24T10:43:12.815857Z"}]}
[debug] [2026-06-25T19:53:24.339Z] Checked if tokens are valid: true, expires at: 1782420781017
[debug] [2026-06-25T19:53:24.339Z] Checked if tokens are valid: true, expires at: 1782420781017
[debug] [2026-06-25T19:53:24.340Z] >>> [apiv2][query] GET https://firebaserules.googleapis.com/v1/projects/mock-api-baad7/rulesets/6161cc6a-3c7c-42ca-b133-7b8e25e2ead9 [none]
[debug] [2026-06-25T19:53:25.182Z] <<< [apiv2][status] GET https://firebaserules.googleapis.com/v1/projects/mock-api-baad7/rulesets/6161cc6a-3c7c-42ca-b133-7b8e25e2ead9 200
[debug] [2026-06-25T19:53:25.182Z] <<< [apiv2][body] GET https://firebaserules.googleapis.com/v1/projects/mock-api-baad7/rulesets/6161cc6a-3c7c-42ca-b133-7b8e25e2ead9 [omitted]
[info] i  firestore: latest version of firestore.rules already up to date, skipping upload... 
[debug] [2026-06-25T19:53:25.184Z] Checked if tokens are valid: true, expires at: 1782420781017
[debug] [2026-06-25T19:53:25.184Z] Checked if tokens are valid: true, expires at: 1782420781017
[debug] [2026-06-25T19:53:25.184Z] >>> [apiv2][query] GET https://cloudbilling.googleapis.com/v1/projects/mock-api-baad7/billingInfo [none]
[debug] [2026-06-25T19:53:25.727Z] <<< [apiv2][status] GET https://cloudbilling.googleapis.com/v1/projects/mock-api-baad7/billingInfo 200
[debug] [2026-06-25T19:53:25.727Z] <<< [apiv2][body] GET https://cloudbilling.googleapis.com/v1/projects/mock-api-baad7/billingInfo {"name":"projects/mock-api-baad7/billingInfo","projectId":"mock-api-baad7","billingAccountName":"billingAccounts/011C0A-8FFBF0-B536BA","billingEnabled":true}
[debug] [2026-06-25T19:53:25.730Z] Checked if tokens are valid: true, expires at: 1782420781017
[debug] [2026-06-25T19:53:25.730Z] Checked if tokens are valid: true, expires at: 1782420781017
[debug] [2026-06-25T19:53:25.730Z] >>> [apiv2][query] POST https://cloudfunctions.googleapis.com/v2/projects/mock-api-baad7/locations/us-central1/functions:generateUploadUrl [none]
[debug] [2026-06-25T19:53:26.893Z] <<< [apiv2][status] POST https://cloudfunctions.googleapis.com/v2/projects/mock-api-baad7/locations/us-central1/functions:generateUploadUrl 200
[debug] [2026-06-25T19:53:26.893Z] <<< [apiv2][body] POST https://cloudfunctions.googleapis.com/v2/projects/mock-api-baad7/locations/us-central1/functions:generateUploadUrl {"uploadUrl":"https://storage.googleapis.com/gcf-v2-uploads-748761841557.us-central1.cloudfunctions.appspot.com/c4fce605-7d97-41e3-ae26-9c0af1eeea6d.zip?GoogleAccessId=service-748761841557@gcf-admin-robot.iam.gserviceaccount.com&Expires=1782419009&Signature=LjkjqdVOEgfVp%2FFWuCTdegss6RHZt1rdKxJUaqkZ3khhb7MNKRHPYhEnjg%2Fsg78WT55J5PFtGpI%2BVrpAva68V1Y7FUUWPL4blnR5Qyo6%2BrgqnQ0BxEcJd9HfOPx4iKMjjaM3n8ubWzzzEOIVHlBmldM%2FNRPzCV6foEzwLjrRf48u9d1taj51sxCOWvOo5wjWJu7eYf5iSFNp%2FsE9PdtLYIVqs7pLhhrn6Ctjbbe6TS7mzyUElSZDMMvyZ1TngaRL01dwXfC%2BQvkfcVpz3F3t%2F8eJSzta%2Bp9yRWZHJCjiuPmlFgf2tfyZL7aJcT7jS8D4PGQE9DgTqFYg5vtAIJJJ9w%3D%3D","storageSource":{"bucket":"gcf-v2-uploads-748761841557.us-central1.cloudfunctions.appspot.com","object":"c4fce605-7d97-41e3-ae26-9c0af1eeea6d.zip"}}
[debug] [2026-06-25T19:53:26.894Z] >>> [apiv2][query] PUT https://storage.googleapis.com/gcf-v2-uploads-748761841557.us-central1.cloudfunctions.appspot.com/c4fce605-7d97-41e3-ae26-9c0af1eeea6d.zip GoogleAccessId=service-748761841557%40gcf-admin-robot.iam.gserviceaccount.com&Expires=1782419009&Signature=LjkjqdVOEgfVp%2FFWuCTdegss6RHZt1rdKxJUaqkZ3khhb7MNKRHPYhEnjg%2Fsg78WT55J5PFtGpI%2BVrpAva68V1Y7FUUWPL4blnR5Qyo6%2BrgqnQ0BxEcJd9HfOPx4iKMjjaM3n8ubWzzzEOIVHlBmldM%2FNRPzCV6foEzwLjrRf48u9d1taj51sxCOWvOo5wjWJu7eYf5iSFNp%2FsE9PdtLYIVqs7pLhhrn6Ctjbbe6TS7mzyUElSZDMMvyZ1TngaRL01dwXfC%2BQvkfcVpz3F3t%2F8eJSzta%2Bp9yRWZHJCjiuPmlFgf2tfyZL7aJcT7jS8D4PGQE9DgTqFYg5vtAIJJJ9w%3D%3D
[debug] [2026-06-25T19:53:26.894Z] >>> [apiv2][body] PUT https://storage.googleapis.com/gcf-v2-uploads-748761841557.us-central1.cloudfunctions.appspot.com/c4fce605-7d97-41e3-ae26-9c0af1eeea6d.zip [stream]
[debug] [2026-06-25T19:53:27.792Z] <<< [apiv2][status] PUT https://storage.googleapis.com/gcf-v2-uploads-748761841557.us-central1.cloudfunctions.appspot.com/c4fce605-7d97-41e3-ae26-9c0af1eeea6d.zip 200
[debug] [2026-06-25T19:53:27.793Z] <<< [apiv2][body] PUT https://storage.googleapis.com/gcf-v2-uploads-748761841557.us-central1.cloudfunctions.appspot.com/c4fce605-7d97-41e3-ae26-9c0af1eeea6d.zip [omitted]
[info] ✔  functions: functions source uploaded successfully 
[debug] [2026-06-25T19:53:27.793Z] [rules] releasing cloud.firestore with ruleset projects/mock-api-baad7/rulesets/6161cc6a-3c7c-42ca-b133-7b8e25e2ead9
[debug] [2026-06-25T19:53:27.793Z] Checked if tokens are valid: true, expires at: 1782420781017
[debug] [2026-06-25T19:53:27.793Z] Checked if tokens are valid: true, expires at: 1782420781017
[debug] [2026-06-25T19:53:27.793Z] >>> [apiv2][query] PATCH https://firebaserules.googleapis.com/v1/projects/mock-api-baad7/releases/cloud.firestore [none]
[debug] [2026-06-25T19:53:27.793Z] >>> [apiv2][body] PATCH https://firebaserules.googleapis.com/v1/projects/mock-api-baad7/releases/cloud.firestore {"release":{"name":"projects/mock-api-baad7/releases/cloud.firestore","rulesetName":"projects/mock-api-baad7/rulesets/6161cc6a-3c7c-42ca-b133-7b8e25e2ead9"}}
[debug] [2026-06-25T19:53:28.819Z] <<< [apiv2][status] PATCH https://firebaserules.googleapis.com/v1/projects/mock-api-baad7/releases/cloud.firestore 200
[debug] [2026-06-25T19:53:28.819Z] <<< [apiv2][body] PATCH https://firebaserules.googleapis.com/v1/projects/mock-api-baad7/releases/cloud.firestore {"name":"projects/mock-api-baad7/releases/cloud.firestore","rulesetName":"projects/mock-api-baad7/rulesets/6161cc6a-3c7c-42ca-b133-7b8e25e2ead9","createTime":"2026-06-24T10:49:26.498217Z","updateTime":"2026-06-25T19:53:30.935329Z"}
[debug] [2026-06-25T19:53:28.819Z] [rules] updated release projects/mock-api-baad7/releases/cloud.firestore
[info] ✔  firestore: released rules firestore.rules to cloud.firestore 
[info] i  functions: updating Node.js 20 (2nd Gen) function api(us-central1)... 
[debug] [2026-06-25T19:53:28.825Z] Checked if tokens are valid: true, expires at: 1782420781017
[debug] [2026-06-25T19:53:28.825Z] Checked if tokens are valid: true, expires at: 1782420781017
[debug] [2026-06-25T19:53:28.825Z] >>> [apiv2][query] PATCH https://cloudfunctions.googleapis.com/v2/projects/mock-api-baad7/locations/us-central1/functions/api updateMask=name%2CbuildConfig.runtime%2CbuildConfig.entryPoint%2CbuildConfig.source.storageSource.bucket%2CbuildConfig.source.storageSource.object%2CbuildConfig.environmentVariables%2CbuildConfig.sourceToken%2CserviceConfig.environmentVariables%2CserviceConfig.ingressSettings%2CserviceConfig.timeoutSeconds%2CserviceConfig.serviceAccountEmail%2CserviceConfig.availableMemory%2CserviceConfig.minInstanceCount%2CserviceConfig.maxInstanceCount%2CserviceConfig.maxInstanceRequestConcurrency%2CserviceConfig.availableCpu%2CserviceConfig.vpcConnector%2CserviceConfig.vpcConnectorEgressSettings%2CserviceConfig.directVpcNetworkInterface%2CserviceConfig.directVpcEgress%2Clabels
[debug] [2026-06-25T19:53:28.826Z] >>> [apiv2][body] PATCH https://cloudfunctions.googleapis.com/v2/projects/mock-api-baad7/locations/us-central1/functions/api {"name":"projects/mock-api-baad7/locations/us-central1/functions/api","buildConfig":{"runtime":"nodejs20","entryPoint":"api","source":{"storageSource":{"bucket":"gcf-v2-uploads-748761841557.us-central1.cloudfunctions.appspot.com","object":"c4fce605-7d97-41e3-ae26-9c0af1eeea6d.zip"}},"environmentVariables":{"GOOGLE_NODE_RUN_SCRIPTS":""}},"serviceConfig":{"environmentVariables":{"FIREBASE_CONFIG":"{\"projectId\":\"mock-api-baad7\",\"storageBucket\":\"mock-api-baad7.firebasestorage.app\"}","GCLOUD_PROJECT":"mock-api-baad7","EVENTARC_CLOUD_EVENT_SOURCE":"projects/mock-api-baad7/locations/us-central1/services/api","FUNCTION_TARGET":"api","LOG_EXECUTION_ID":"true"},"ingressSettings":null,"timeoutSeconds":null,"serviceAccountEmail":null,"availableMemory":"256Mi","minInstanceCount":null,"maxInstanceCount":null,"maxInstanceRequestConcurrency":80,"availableCpu":"1","vpcConnector":null,"vpcConnectorEgressSettings":null,"directVpcNetworkInterface":null,"directVpcEgress":null},"labels":{"deployment-tool":"cli-firebase","firebase-functions-hash":"290b05663e4004b77f1a1a8789f958e10329347c"}}
[debug] [2026-06-25T19:53:30.634Z] <<< [apiv2][status] PATCH https://cloudfunctions.googleapis.com/v2/projects/mock-api-baad7/locations/us-central1/functions/api 200
[debug] [2026-06-25T19:53:30.635Z] <<< [apiv2][body] PATCH https://cloudfunctions.googleapis.com/v2/projects/mock-api-baad7/locations/us-central1/functions/api {"name":"projects/mock-api-baad7/locations/us-central1/operations/operation-1782417211810-6551958c06363-48661764-23b94698","metadata":{"@type":"type.googleapis.com/google.cloud.functions.v2.OperationMetadata","createTime":"2026-06-25T19:53:32.740654920Z","target":"projects/mock-api-baad7/locations/us-central1/functions/api","verb":"update","cancelRequested":false,"apiVersion":"v2"},"done":false}
[debug] [2026-06-25T19:53:30.635Z] Checked if tokens are valid: true, expires at: 1782420781017
[debug] [2026-06-25T19:53:30.635Z] Checked if tokens are valid: true, expires at: 1782420781017
[debug] [2026-06-25T19:53:30.636Z] >>> [apiv2][query] GET https://cloudfunctions.googleapis.com/v2/projects/mock-api-baad7/locations/us-central1/operations/operation-1782417211810-6551958c06363-48661764-23b94698 [none]
[debug] [2026-06-25T19:53:31.556Z] <<< [apiv2][status] GET https://cloudfunctions.googleapis.com/v2/projects/mock-api-baad7/locations/us-central1/operations/operation-1782417211810-6551958c06363-48661764-23b94698 200
[debug] [2026-06-25T19:53:31.556Z] <<< [apiv2][body] GET https://cloudfunctions.googleapis.com/v2/projects/mock-api-baad7/locations/us-central1/operations/operation-1782417211810-6551958c06363-48661764-23b94698 {"name":"projects/mock-api-baad7/locations/us-central1/operations/operation-1782417211810-6551958c06363-48661764-23b94698","metadata":{"@type":"type.googleapis.com/google.cloud.functions.v2.OperationMetadata","createTime":"2026-06-25T19:53:32.740654920Z","target":"projects/mock-api-baad7/locations/us-central1/functions/api","verb":"update","cancelRequested":false,"apiVersion":"v2","requestResource":{"@type":"type.googleapis.com/google.cloud.functions.v2.Function","name":"projects/mock-api-baad7/locations/us-central1/functions/api","buildConfig":{"runtime":"nodejs20","entryPoint":"api","source":{"storageSource":{"bucket":"gcf-v2-sources-748761841557-us-central1","object":"api/function-source.zip","generation":"1782417212685035"}},"environmentVariables":{"GOOGLE_NODE_RUN_SCRIPTS":""},"dockerRepository":"projects/mock-api-baad7/locations/us-central1/repositories/gcf-artifacts","sourceProvenance":{"resolvedStorageSource":{"bucket":"gcf-v2-sources-748761841557-us-central1","object":"api/function-source.zip","generation":"1782413396313459"}},"dockerRegistry":"ARTIFACT_REGISTRY","serviceAccount":"projects/mock-api-baad7/serviceAccounts/748761841557-compute@developer.gserviceaccount.com","automaticUpdatePolicy":{}},"serviceConfig":{"service":"projects/mock-api-baad7/locations/us-central1/services/api","timeoutSeconds":60,"environmentVariables":{"FIREBASE_CONFIG":"{\"projectId\":\"mock-api-baad7\",\"storageBucket\":\"mock-api-baad7.firebasestorage.app\"}","GCLOUD_PROJECT":"mock-api-baad7","EVENTARC_CLOUD_EVENT_SOURCE":"projects/mock-api-baad7/locations/us-central1/services/api","FUNCTION_TARGET":"api","LOG_EXECUTION_ID":"true"},"ingressSettings":"ALLOW_ALL","uri":"https://api-nfw5rlbxpa-uc.a.run.app","serviceAccountEmail":"748761841557-compute@developer.gserviceaccount.com","availableMemory":"256Mi","allTrafficOnLatestRevision":true,"revision":"api-00004-qoj","maxInstanceRequestConcurrency":80,"availableCpu":"1"},"state":"ACTIVE","labels":{"deployment-tool":"cloud-console","firebase-functions-hash":"290b05663e4004b77f1a1a8789f958e10329347c"},"environment":"GEN_2","url":"https://us-central1-mock-api-baad7.cloudfunctions.net/api","satisfiesPzi":true},"stages":[{"name":"BUILD","state":"NOT_STARTED","stateMessages":[{"severity":"WARNING","type":"BuildAnalysisWarning","message":"Node.js 20 is no longer supported by the Node.js community as of 30 April, 2026. Runtime nodejs20 is currently deprecated for Cloud Functions. We recommend you to upgrade to the latest version of Node.js as soon as possible."}]},{"name":"SERVICE","state":"NOT_STARTED"}],"operationType":"UPDATE_FUNCTION"},"done":false}
[debug] [2026-06-25T19:53:32.058Z] [update-default-us-central1-api] Retrying task index 0
[debug] [2026-06-25T19:53:32.058Z] Checked if tokens are valid: true, expires at: 1782420781017
[debug] [2026-06-25T19:53:32.059Z] Checked if tokens are valid: true, expires at: 1782420781017
[debug] [2026-06-25T19:53:32.059Z] >>> [apiv2][query] GET https://cloudfunctions.googleapis.com/v2/projects/mock-api-baad7/locations/us-central1/operations/operation-1782417211810-6551958c06363-48661764-23b94698 [none]
[debug] [2026-06-25T19:53:32.901Z] <<< [apiv2][status] GET https://cloudfunctions.googleapis.com/v2/projects/mock-api-baad7/locations/us-central1/operations/operation-1782417211810-6551958c06363-48661764-23b94698 200
[debug] [2026-06-25T19:53:32.901Z] <<< [apiv2][body] GET https://cloudfunctions.googleapis.com/v2/projects/mock-api-baad7/locations/us-central1/operations/operation-1782417211810-6551958c06363-48661764-23b94698 {"name":"projects/mock-api-baad7/locations/us-central1/operations/operation-1782417211810-6551958c06363-48661764-23b94698","metadata":{"@type":"type.googleapis.com/google.cloud.functions.v2.OperationMetadata","createTime":"2026-06-25T19:53:32.740654920Z","target":"projects/mock-api-baad7/locations/us-central1/functions/api","verb":"update","cancelRequested":false,"apiVersion":"v2","requestResource":{"@type":"type.googleapis.com/google.cloud.functions.v2.Function","name":"projects/mock-api-baad7/locations/us-central1/functions/api","buildConfig":{"runtime":"nodejs20","entryPoint":"api","source":{"storageSource":{"bucket":"gcf-v2-sources-748761841557-us-central1","object":"api/function-source.zip","generation":"1782417212685035"}},"environmentVariables":{"GOOGLE_NODE_RUN_SCRIPTS":""},"dockerRepository":"projects/mock-api-baad7/locations/us-central1/repositories/gcf-artifacts","sourceProvenance":{"resolvedStorageSource":{"bucket":"gcf-v2-sources-748761841557-us-central1","object":"api/function-source.zip","generation":"1782413396313459"}},"dockerRegistry":"ARTIFACT_REGISTRY","serviceAccount":"projects/mock-api-baad7/serviceAccounts/748761841557-compute@developer.gserviceaccount.com","automaticUpdatePolicy":{}},"serviceConfig":{"service":"projects/mock-api-baad7/locations/us-central1/services/api","timeoutSeconds":60,"environmentVariables":{"FIREBASE_CONFIG":"{\"projectId\":\"mock-api-baad7\",\"storageBucket\":\"mock-api-baad7.firebasestorage.app\"}","GCLOUD_PROJECT":"mock-api-baad7","EVENTARC_CLOUD_EVENT_SOURCE":"projects/mock-api-baad7/locations/us-central1/services/api","FUNCTION_TARGET":"api","LOG_EXECUTION_ID":"true"},"ingressSettings":"ALLOW_ALL","uri":"https://api-nfw5rlbxpa-uc.a.run.app","serviceAccountEmail":"748761841557-compute@developer.gserviceaccount.com","availableMemory":"256Mi","allTrafficOnLatestRevision":true,"revision":"api-00004-qoj","maxInstanceRequestConcurrency":80,"availableCpu":"1"},"state":"ACTIVE","labels":{"deployment-tool":"cloud-console","firebase-functions-hash":"290b05663e4004b77f1a1a8789f958e10329347c"},"environment":"GEN_2","url":"https://us-central1-mock-api-baad7.cloudfunctions.net/api","satisfiesPzi":true},"stages":[{"name":"BUILD","message":"Build in progress","state":"IN_PROGRESS","resource":"projects/748761841557/locations/us-central1/builds/2237516e-10d4-4e2b-b3bf-b8af248eb60a","resourceUri":"https://console.cloud.google.com/cloud-build/builds;region=us-central1/2237516e-10d4-4e2b-b3bf-b8af248eb60a?project=748761841557"},{"name":"SERVICE","state":"NOT_STARTED"}],"operationType":"UPDATE_FUNCTION","buildName":"projects/748761841557/locations/us-central1/builds/2237516e-10d4-4e2b-b3bf-b8af248eb60a"},"done":false}
[debug] [2026-06-25T19:53:33.901Z] [update-default-us-central1-api] Retrying task index 0
[debug] [2026-06-25T19:53:33.901Z] Checked if tokens are valid: true, expires at: 1782420781017
[debug] [2026-06-25T19:53:33.901Z] Checked if tokens are valid: true, expires at: 1782420781017
[debug] [2026-06-25T19:53:33.901Z] >>> [apiv2][query] GET https://cloudfunctions.googleapis.com/v2/projects/mock-api-baad7/locations/us-central1/operations/operation-1782417211810-6551958c06363-48661764-23b94698 [none]
[debug] [2026-06-25T19:53:34.779Z] <<< [apiv2][status] GET https://cloudfunctions.googleapis.com/v2/projects/mock-api-baad7/locations/us-central1/operations/operation-1782417211810-6551958c06363-48661764-23b94698 200
[debug] [2026-06-25T19:53:34.779Z] <<< [apiv2][body] GET https://cloudfunctions.googleapis.com/v2/projects/mock-api-baad7/locations/us-central1/operations/operation-1782417211810-6551958c06363-48661764-23b94698 {"name":"projects/mock-api-baad7/locations/us-central1/operations/operation-1782417211810-6551958c06363-48661764-23b94698","metadata":{"@type":"type.googleapis.com/google.cloud.functions.v2.OperationMetadata","createTime":"2026-06-25T19:53:32.740654920Z","target":"projects/mock-api-baad7/locations/us-central1/functions/api","verb":"update","cancelRequested":false,"apiVersion":"v2","requestResource":{"@type":"type.googleapis.com/google.cloud.functions.v2.Function","name":"projects/mock-api-baad7/locations/us-central1/functions/api","buildConfig":{"runtime":"nodejs20","entryPoint":"api","source":{"storageSource":{"bucket":"gcf-v2-sources-748761841557-us-central1","object":"api/function-source.zip","generation":"1782417212685035"}},"environmentVariables":{"GOOGLE_NODE_RUN_SCRIPTS":""},"dockerRepository":"projects/mock-api-baad7/locations/us-central1/repositories/gcf-artifacts","sourceProvenance":{"resolvedStorageSource":{"bucket":"gcf-v2-sources-748761841557-us-central1","object":"api/function-source.zip","generation":"1782413396313459"}},"dockerRegistry":"ARTIFACT_REGISTRY","serviceAccount":"projects/mock-api-baad7/serviceAccounts/748761841557-compute@developer.gserviceaccount.com","automaticUpdatePolicy":{}},"serviceConfig":{"service":"projects/mock-api-baad7/locations/us-central1/services/api","timeoutSeconds":60,"environmentVariables":{"FIREBASE_CONFIG":"{\"projectId\":\"mock-api-baad7\",\"storageBucket\":\"mock-api-baad7.firebasestorage.app\"}","GCLOUD_PROJECT":"mock-api-baad7","EVENTARC_CLOUD_EVENT_SOURCE":"projects/mock-api-baad7/locations/us-central1/services/api","FUNCTION_TARGET":"api","LOG_EXECUTION_ID":"true"},"ingressSettings":"ALLOW_ALL","uri":"https://api-nfw5rlbxpa-uc.a.run.app","serviceAccountEmail":"748761841557-compute@developer.gserviceaccount.com","availableMemory":"256Mi","allTrafficOnLatestRevision":true,"revision":"api-00004-qoj","maxInstanceRequestConcurrency":80,"availableCpu":"1"},"state":"ACTIVE","labels":{"deployment-tool":"cloud-console","firebase-functions-hash":"290b05663e4004b77f1a1a8789f958e10329347c"},"environment":"GEN_2","url":"https://us-central1-mock-api-baad7.cloudfunctions.net/api","satisfiesPzi":true},"stages":[{"name":"BUILD","message":"Build in progress","state":"IN_PROGRESS","resource":"projects/748761841557/locations/us-central1/builds/2237516e-10d4-4e2b-b3bf-b8af248eb60a","resourceUri":"https://console.cloud.google.com/cloud-build/builds;region=us-central1/2237516e-10d4-4e2b-b3bf-b8af248eb60a?project=748761841557"},{"name":"SERVICE","state":"NOT_STARTED"}],"operationType":"UPDATE_FUNCTION","buildName":"projects/748761841557/locations/us-central1/builds/2237516e-10d4-4e2b-b3bf-b8af248eb60a"},"done":false}
[debug] [2026-06-25T19:53:36.780Z] [update-default-us-central1-api] Retrying task index 0
[debug] [2026-06-25T19:53:36.781Z] Checked if tokens are valid: true, expires at: 1782420781017
[debug] [2026-06-25T19:53:36.781Z] Checked if tokens are valid: true, expires at: 1782420781017
[debug] [2026-06-25T19:53:36.781Z] >>> [apiv2][query] GET https://cloudfunctions.googleapis.com/v2/projects/mock-api-baad7/locations/us-central1/operations/operation-1782417211810-6551958c06363-48661764-23b94698 [none]
[debug] [2026-06-25T19:53:37.573Z] <<< [apiv2][status] GET https://cloudfunctions.googleapis.com/v2/projects/mock-api-baad7/locations/us-central1/operations/operation-1782417211810-6551958c06363-48661764-23b94698 200
[debug] [2026-06-25T19:53:37.573Z] <<< [apiv2][body] GET https://cloudfunctions.googleapis.com/v2/projects/mock-api-baad7/locations/us-central1/operations/operation-1782417211810-6551958c06363-48661764-23b94698 {"name":"projects/mock-api-baad7/locations/us-central1/operations/operation-1782417211810-6551958c06363-48661764-23b94698","metadata":{"@type":"type.googleapis.com/google.cloud.functions.v2.OperationMetadata","createTime":"2026-06-25T19:53:32.740654920Z","target":"projects/mock-api-baad7/locations/us-central1/functions/api","verb":"update","cancelRequested":false,"apiVersion":"v2","requestResource":{"@type":"type.googleapis.com/google.cloud.functions.v2.Function","name":"projects/mock-api-baad7/locations/us-central1/functions/api","buildConfig":{"runtime":"nodejs20","entryPoint":"api","source":{"storageSource":{"bucket":"gcf-v2-sources-748761841557-us-central1","object":"api/function-source.zip","generation":"1782417212685035"}},"environmentVariables":{"GOOGLE_NODE_RUN_SCRIPTS":""},"dockerRepository":"projects/mock-api-baad7/locations/us-central1/repositories/gcf-artifacts","sourceProvenance":{"resolvedStorageSource":{"bucket":"gcf-v2-sources-748761841557-us-central1","object":"api/function-source.zip","generation":"1782413396313459"}},"dockerRegistry":"ARTIFACT_REGISTRY","serviceAccount":"projects/mock-api-baad7/serviceAccounts/748761841557-compute@developer.gserviceaccount.com","automaticUpdatePolicy":{}},"serviceConfig":{"service":"projects/mock-api-baad7/locations/us-central1/services/api","timeoutSeconds":60,"environmentVariables":{"FIREBASE_CONFIG":"{\"projectId\":\"mock-api-baad7\",\"storageBucket\":\"mock-api-baad7.firebasestorage.app\"}","GCLOUD_PROJECT":"mock-api-baad7","EVENTARC_CLOUD_EVENT_SOURCE":"projects/mock-api-baad7/locations/us-central1/services/api","FUNCTION_TARGET":"api","LOG_EXECUTION_ID":"true"},"ingressSettings":"ALLOW_ALL","uri":"https://api-nfw5rlbxpa-uc.a.run.app","serviceAccountEmail":"748761841557-compute@developer.gserviceaccount.com","availableMemory":"256Mi","allTrafficOnLatestRevision":true,"revision":"api-00004-qoj","maxInstanceRequestConcurrency":80,"availableCpu":"1"},"state":"ACTIVE","labels":{"deployment-tool":"cloud-console","firebase-functions-hash":"290b05663e4004b77f1a1a8789f958e10329347c"},"environment":"GEN_2","url":"https://us-central1-mock-api-baad7.cloudfunctions.net/api","satisfiesPzi":true},"stages":[{"name":"BUILD","message":"Build in progress","state":"IN_PROGRESS","resource":"projects/748761841557/locations/us-central1/builds/2237516e-10d4-4e2b-b3bf-b8af248eb60a","resourceUri":"https://console.cloud.google.com/cloud-build/builds;region=us-central1/2237516e-10d4-4e2b-b3bf-b8af248eb60a?project=748761841557"},{"name":"SERVICE","state":"NOT_STARTED"}],"operationType":"UPDATE_FUNCTION","buildName":"projects/748761841557/locations/us-central1/builds/2237516e-10d4-4e2b-b3bf-b8af248eb60a"},"done":false}
[debug] [2026-06-25T19:53:41.574Z] [update-default-us-central1-api] Retrying task index 0
[debug] [2026-06-25T19:53:41.575Z] Checked if tokens are valid: true, expires at: 1782420781017
[debug] [2026-06-25T19:53:41.575Z] Checked if tokens are valid: true, expires at: 1782420781017
[debug] [2026-06-25T19:53:41.575Z] >>> [apiv2][query] GET https://cloudfunctions.googleapis.com/v2/projects/mock-api-baad7/locations/us-central1/operations/operation-1782417211810-6551958c06363-48661764-23b94698 [none]
[debug] [2026-06-25T19:53:42.449Z] <<< [apiv2][status] GET https://cloudfunctions.googleapis.com/v2/projects/mock-api-baad7/locations/us-central1/operations/operation-1782417211810-6551958c06363-48661764-23b94698 200
[debug] [2026-06-25T19:53:42.450Z] <<< [apiv2][body] GET https://cloudfunctions.googleapis.com/v2/projects/mock-api-baad7/locations/us-central1/operations/operation-1782417211810-6551958c06363-48661764-23b94698 {"name":"projects/mock-api-baad7/locations/us-central1/operations/operation-1782417211810-6551958c06363-48661764-23b94698","metadata":{"@type":"type.googleapis.com/google.cloud.functions.v2.OperationMetadata","createTime":"2026-06-25T19:53:32.740654920Z","target":"projects/mock-api-baad7/locations/us-central1/functions/api","verb":"update","cancelRequested":false,"apiVersion":"v2","requestResource":{"@type":"type.googleapis.com/google.cloud.functions.v2.Function","name":"projects/mock-api-baad7/locations/us-central1/functions/api","buildConfig":{"runtime":"nodejs20","entryPoint":"api","source":{"storageSource":{"bucket":"gcf-v2-sources-748761841557-us-central1","object":"api/function-source.zip","generation":"1782417212685035"}},"environmentVariables":{"GOOGLE_NODE_RUN_SCRIPTS":""},"dockerRepository":"projects/mock-api-baad7/locations/us-central1/repositories/gcf-artifacts","sourceProvenance":{"resolvedStorageSource":{"bucket":"gcf-v2-sources-748761841557-us-central1","object":"api/function-source.zip","generation":"1782413396313459"}},"dockerRegistry":"ARTIFACT_REGISTRY","serviceAccount":"projects/mock-api-baad7/serviceAccounts/748761841557-compute@developer.gserviceaccount.com","automaticUpdatePolicy":{}},"serviceConfig":{"service":"projects/mock-api-baad7/locations/us-central1/services/api","timeoutSeconds":60,"environmentVariables":{"FIREBASE_CONFIG":"{\"projectId\":\"mock-api-baad7\",\"storageBucket\":\"mock-api-baad7.firebasestorage.app\"}","GCLOUD_PROJECT":"mock-api-baad7","EVENTARC_CLOUD_EVENT_SOURCE":"projects/mock-api-baad7/locations/us-central1/services/api","FUNCTION_TARGET":"api","LOG_EXECUTION_ID":"true"},"ingressSettings":"ALLOW_ALL","uri":"https://api-nfw5rlbxpa-uc.a.run.app","serviceAccountEmail":"748761841557-compute@developer.gserviceaccount.com","availableMemory":"256Mi","allTrafficOnLatestRevision":true,"revision":"api-00004-qoj","maxInstanceRequestConcurrency":80,"availableCpu":"1"},"state":"ACTIVE","labels":{"deployment-tool":"cloud-console","firebase-functions-hash":"290b05663e4004b77f1a1a8789f958e10329347c"},"environment":"GEN_2","url":"https://us-central1-mock-api-baad7.cloudfunctions.net/api","satisfiesPzi":true},"stages":[{"name":"BUILD","message":"Build in progress","state":"IN_PROGRESS","resource":"projects/748761841557/locations/us-central1/builds/2237516e-10d4-4e2b-b3bf-b8af248eb60a","resourceUri":"https://console.cloud.google.com/cloud-build/builds;region=us-central1/2237516e-10d4-4e2b-b3bf-b8af248eb60a?project=748761841557"},{"name":"SERVICE","state":"NOT_STARTED"}],"operationType":"UPDATE_FUNCTION","buildName":"projects/748761841557/locations/us-central1/builds/2237516e-10d4-4e2b-b3bf-b8af248eb60a"},"done":false}
[debug] [2026-06-25T19:53:50.451Z] [update-default-us-central1-api] Retrying task index 0
[debug] [2026-06-25T19:53:50.451Z] Checked if tokens are valid: true, expires at: 1782420781017
[debug] [2026-06-25T19:53:50.451Z] Checked if tokens are valid: true, expires at: 1782420781017
[debug] [2026-06-25T19:53:50.451Z] >>> [apiv2][query] GET https://cloudfunctions.googleapis.com/v2/projects/mock-api-baad7/locations/us-central1/operations/operation-1782417211810-6551958c06363-48661764-23b94698 [none]
[debug] [2026-06-25T19:53:50.946Z] <<< [apiv2][status] GET https://cloudfunctions.googleapis.com/v2/projects/mock-api-baad7/locations/us-central1/operations/operation-1782417211810-6551958c06363-48661764-23b94698 200
[debug] [2026-06-25T19:53:50.946Z] <<< [apiv2][body] GET https://cloudfunctions.googleapis.com/v2/projects/mock-api-baad7/locations/us-central1/operations/operation-1782417211810-6551958c06363-48661764-23b94698 {"name":"projects/mock-api-baad7/locations/us-central1/operations/operation-1782417211810-6551958c06363-48661764-23b94698","metadata":{"@type":"type.googleapis.com/google.cloud.functions.v2.OperationMetadata","createTime":"2026-06-25T19:53:32.740654920Z","target":"projects/mock-api-baad7/locations/us-central1/functions/api","verb":"update","cancelRequested":false,"apiVersion":"v2","requestResource":{"@type":"type.googleapis.com/google.cloud.functions.v2.Function","name":"projects/mock-api-baad7/locations/us-central1/functions/api","buildConfig":{"runtime":"nodejs20","entryPoint":"api","source":{"storageSource":{"bucket":"gcf-v2-sources-748761841557-us-central1","object":"api/function-source.zip","generation":"1782417212685035"}},"environmentVariables":{"GOOGLE_NODE_RUN_SCRIPTS":""},"dockerRepository":"projects/mock-api-baad7/locations/us-central1/repositories/gcf-artifacts","sourceProvenance":{"resolvedStorageSource":{"bucket":"gcf-v2-sources-748761841557-us-central1","object":"api/function-source.zip","generation":"1782413396313459"}},"dockerRegistry":"ARTIFACT_REGISTRY","serviceAccount":"projects/mock-api-baad7/serviceAccounts/748761841557-compute@developer.gserviceaccount.com","automaticUpdatePolicy":{}},"serviceConfig":{"service":"projects/mock-api-baad7/locations/us-central1/services/api","timeoutSeconds":60,"environmentVariables":{"FIREBASE_CONFIG":"{\"projectId\":\"mock-api-baad7\",\"storageBucket\":\"mock-api-baad7.firebasestorage.app\"}","GCLOUD_PROJECT":"mock-api-baad7","EVENTARC_CLOUD_EVENT_SOURCE":"projects/mock-api-baad7/locations/us-central1/services/api","FUNCTION_TARGET":"api","LOG_EXECUTION_ID":"true"},"ingressSettings":"ALLOW_ALL","uri":"https://api-nfw5rlbxpa-uc.a.run.app","serviceAccountEmail":"748761841557-compute@developer.gserviceaccount.com","availableMemory":"256Mi","allTrafficOnLatestRevision":true,"revision":"api-00004-qoj","maxInstanceRequestConcurrency":80,"availableCpu":"1"},"state":"ACTIVE","labels":{"deployment-tool":"cloud-console","firebase-functions-hash":"290b05663e4004b77f1a1a8789f958e10329347c"},"environment":"GEN_2","url":"https://us-central1-mock-api-baad7.cloudfunctions.net/api","satisfiesPzi":true},"stages":[{"name":"BUILD","message":"Build in progress","state":"IN_PROGRESS","resource":"projects/748761841557/locations/us-central1/builds/2237516e-10d4-4e2b-b3bf-b8af248eb60a","resourceUri":"https://console.cloud.google.com/cloud-build/builds;region=us-central1/2237516e-10d4-4e2b-b3bf-b8af248eb60a?project=748761841557"},{"name":"SERVICE","state":"NOT_STARTED"}],"operationType":"UPDATE_FUNCTION","buildName":"projects/748761841557/locations/us-central1/builds/2237516e-10d4-4e2b-b3bf-b8af248eb60a"},"done":false}
[debug] [2026-06-25T19:54:00.947Z] [update-default-us-central1-api] Retrying task index 0
[debug] [2026-06-25T19:54:00.947Z] Checked if tokens are valid: true, expires at: 1782420781017
[debug] [2026-06-25T19:54:00.947Z] Checked if tokens are valid: true, expires at: 1782420781017
[debug] [2026-06-25T19:54:00.948Z] >>> [apiv2][query] GET https://cloudfunctions.googleapis.com/v2/projects/mock-api-baad7/locations/us-central1/operations/operation-1782417211810-6551958c06363-48661764-23b94698 [none]
[debug] [2026-06-25T19:54:01.999Z] <<< [apiv2][status] GET https://cloudfunctions.googleapis.com/v2/projects/mock-api-baad7/locations/us-central1/operations/operation-1782417211810-6551958c06363-48661764-23b94698 200
[debug] [2026-06-25T19:54:01.999Z] <<< [apiv2][body] GET https://cloudfunctions.googleapis.com/v2/projects/mock-api-baad7/locations/us-central1/operations/operation-1782417211810-6551958c06363-48661764-23b94698 {"name":"projects/mock-api-baad7/locations/us-central1/operations/operation-1782417211810-6551958c06363-48661764-23b94698","metadata":{"@type":"type.googleapis.com/google.cloud.functions.v2.OperationMetadata","createTime":"2026-06-25T19:53:32.740654920Z","target":"projects/mock-api-baad7/locations/us-central1/functions/api","verb":"update","cancelRequested":false,"apiVersion":"v2","requestResource":{"@type":"type.googleapis.com/google.cloud.functions.v2.Function","name":"projects/mock-api-baad7/locations/us-central1/functions/api","buildConfig":{"runtime":"nodejs20","entryPoint":"api","source":{"storageSource":{"bucket":"gcf-v2-sources-748761841557-us-central1","object":"api/function-source.zip","generation":"1782417212685035"}},"environmentVariables":{"GOOGLE_NODE_RUN_SCRIPTS":""},"dockerRepository":"projects/mock-api-baad7/locations/us-central1/repositories/gcf-artifacts","sourceProvenance":{"resolvedStorageSource":{"bucket":"gcf-v2-sources-748761841557-us-central1","object":"api/function-source.zip","generation":"1782413396313459"}},"dockerRegistry":"ARTIFACT_REGISTRY","serviceAccount":"projects/mock-api-baad7/serviceAccounts/748761841557-compute@developer.gserviceaccount.com","automaticUpdatePolicy":{}},"serviceConfig":{"service":"projects/mock-api-baad7/locations/us-central1/services/api","timeoutSeconds":60,"environmentVariables":{"FIREBASE_CONFIG":"{\"projectId\":\"mock-api-baad7\",\"storageBucket\":\"mock-api-baad7.firebasestorage.app\"}","GCLOUD_PROJECT":"mock-api-baad7","EVENTARC_CLOUD_EVENT_SOURCE":"projects/mock-api-baad7/locations/us-central1/services/api","FUNCTION_TARGET":"api","LOG_EXECUTION_ID":"true"},"ingressSettings":"ALLOW_ALL","uri":"https://api-nfw5rlbxpa-uc.a.run.app","serviceAccountEmail":"748761841557-compute@developer.gserviceaccount.com","availableMemory":"256Mi","allTrafficOnLatestRevision":true,"revision":"api-00004-qoj","maxInstanceRequestConcurrency":80,"availableCpu":"1"},"state":"ACTIVE","labels":{"deployment-tool":"cloud-console","firebase-functions-hash":"290b05663e4004b77f1a1a8789f958e10329347c"},"environment":"GEN_2","url":"https://us-central1-mock-api-baad7.cloudfunctions.net/api","satisfiesPzi":true},"stages":[{"name":"BUILD","message":"Build in progress","state":"IN_PROGRESS","resource":"projects/748761841557/locations/us-central1/builds/2237516e-10d4-4e2b-b3bf-b8af248eb60a","resourceUri":"https://console.cloud.google.com/cloud-build/builds;region=us-central1/2237516e-10d4-4e2b-b3bf-b8af248eb60a?project=748761841557"},{"name":"SERVICE","state":"NOT_STARTED"}],"operationType":"UPDATE_FUNCTION","buildName":"projects/748761841557/locations/us-central1/builds/2237516e-10d4-4e2b-b3bf-b8af248eb60a"},"done":false}
[debug] [2026-06-25T19:54:12.000Z] [update-default-us-central1-api] Retrying task index 0
[debug] [2026-06-25T19:54:12.000Z] Checked if tokens are valid: true, expires at: 1782420781017
[debug] [2026-06-25T19:54:12.000Z] Checked if tokens are valid: true, expires at: 1782420781017
[debug] [2026-06-25T19:54:12.000Z] >>> [apiv2][query] GET https://cloudfunctions.googleapis.com/v2/projects/mock-api-baad7/locations/us-central1/operations/operation-1782417211810-6551958c06363-48661764-23b94698 [none]
[debug] [2026-06-25T19:54:13.036Z] <<< [apiv2][status] GET https://cloudfunctions.googleapis.com/v2/projects/mock-api-baad7/locations/us-central1/operations/operation-1782417211810-6551958c06363-48661764-23b94698 200
[debug] [2026-06-25T19:54:13.036Z] <<< [apiv2][body] GET https://cloudfunctions.googleapis.com/v2/projects/mock-api-baad7/locations/us-central1/operations/operation-1782417211810-6551958c06363-48661764-23b94698 {"name":"projects/mock-api-baad7/locations/us-central1/operations/operation-1782417211810-6551958c06363-48661764-23b94698","metadata":{"@type":"type.googleapis.com/google.cloud.functions.v2.OperationMetadata","createTime":"2026-06-25T19:53:32.740654920Z","target":"projects/mock-api-baad7/locations/us-central1/functions/api","verb":"update","cancelRequested":false,"apiVersion":"v2","requestResource":{"@type":"type.googleapis.com/google.cloud.functions.v2.Function","name":"projects/mock-api-baad7/locations/us-central1/functions/api","buildConfig":{"runtime":"nodejs20","entryPoint":"api","source":{"storageSource":{"bucket":"gcf-v2-sources-748761841557-us-central1","object":"api/function-source.zip","generation":"1782417212685035"}},"environmentVariables":{"GOOGLE_NODE_RUN_SCRIPTS":""},"dockerRepository":"projects/mock-api-baad7/locations/us-central1/repositories/gcf-artifacts","sourceProvenance":{"resolvedStorageSource":{"bucket":"gcf-v2-sources-748761841557-us-central1","object":"api/function-source.zip","generation":"1782413396313459"}},"dockerRegistry":"ARTIFACT_REGISTRY","serviceAccount":"projects/mock-api-baad7/serviceAccounts/748761841557-compute@developer.gserviceaccount.com","automaticUpdatePolicy":{}},"serviceConfig":{"service":"projects/mock-api-baad7/locations/us-central1/services/api","timeoutSeconds":60,"environmentVariables":{"FIREBASE_CONFIG":"{\"projectId\":\"mock-api-baad7\",\"storageBucket\":\"mock-api-baad7.firebasestorage.app\"}","GCLOUD_PROJECT":"mock-api-baad7","EVENTARC_CLOUD_EVENT_SOURCE":"projects/mock-api-baad7/locations/us-central1/services/api","FUNCTION_TARGET":"api","LOG_EXECUTION_ID":"true"},"ingressSettings":"ALLOW_ALL","uri":"https://api-nfw5rlbxpa-uc.a.run.app","serviceAccountEmail":"748761841557-compute@developer.gserviceaccount.com","availableMemory":"256Mi","allTrafficOnLatestRevision":true,"revision":"api-00004-qoj","maxInstanceRequestConcurrency":80,"availableCpu":"1"},"state":"ACTIVE","labels":{"deployment-tool":"cloud-console","firebase-functions-hash":"290b05663e4004b77f1a1a8789f958e10329347c"},"environment":"GEN_2","url":"https://us-central1-mock-api-baad7.cloudfunctions.net/api","satisfiesPzi":true},"stages":[{"name":"BUILD","message":"Build in progress","state":"IN_PROGRESS","resource":"projects/748761841557/locations/us-central1/builds/2237516e-10d4-4e2b-b3bf-b8af248eb60a","resourceUri":"https://console.cloud.google.com/cloud-build/builds;region=us-central1/2237516e-10d4-4e2b-b3bf-b8af248eb60a?project=748761841557"},{"name":"SERVICE","state":"NOT_STARTED"}],"operationType":"UPDATE_FUNCTION","buildName":"projects/748761841557/locations/us-central1/builds/2237516e-10d4-4e2b-b3bf-b8af248eb60a"},"done":false}
[debug] [2026-06-25T19:54:23.038Z] [update-default-us-central1-api] Retrying task index 0
[debug] [2026-06-25T19:54:23.038Z] Checked if tokens are valid: true, expires at: 1782420781017
[debug] [2026-06-25T19:54:23.038Z] Checked if tokens are valid: true, expires at: 1782420781017
[debug] [2026-06-25T19:54:23.038Z] >>> [apiv2][query] GET https://cloudfunctions.googleapis.com/v2/projects/mock-api-baad7/locations/us-central1/operations/operation-1782417211810-6551958c06363-48661764-23b94698 [none]
[debug] [2026-06-25T19:54:23.539Z] <<< [apiv2][status] GET https://cloudfunctions.googleapis.com/v2/projects/mock-api-baad7/locations/us-central1/operations/operation-1782417211810-6551958c06363-48661764-23b94698 200
[debug] [2026-06-25T19:54:23.539Z] <<< [apiv2][body] GET https://cloudfunctions.googleapis.com/v2/projects/mock-api-baad7/locations/us-central1/operations/operation-1782417211810-6551958c06363-48661764-23b94698 {"name":"projects/mock-api-baad7/locations/us-central1/operations/operation-1782417211810-6551958c06363-48661764-23b94698","metadata":{"@type":"type.googleapis.com/google.cloud.functions.v2.OperationMetadata","createTime":"2026-06-25T19:53:32.740654920Z","target":"projects/mock-api-baad7/locations/us-central1/functions/api","verb":"update","cancelRequested":false,"apiVersion":"v2","requestResource":{"@type":"type.googleapis.com/google.cloud.functions.v2.Function","name":"projects/mock-api-baad7/locations/us-central1/functions/api","buildConfig":{"runtime":"nodejs20","entryPoint":"api","source":{"storageSource":{"bucket":"gcf-v2-sources-748761841557-us-central1","object":"api/function-source.zip","generation":"1782417212685035"}},"environmentVariables":{"GOOGLE_NODE_RUN_SCRIPTS":""},"dockerRepository":"projects/mock-api-baad7/locations/us-central1/repositories/gcf-artifacts","sourceProvenance":{"resolvedStorageSource":{"bucket":"gcf-v2-sources-748761841557-us-central1","object":"api/function-source.zip","generation":"1782413396313459"}},"dockerRegistry":"ARTIFACT_REGISTRY","serviceAccount":"projects/mock-api-baad7/serviceAccounts/748761841557-compute@developer.gserviceaccount.com","automaticUpdatePolicy":{}},"serviceConfig":{"service":"projects/mock-api-baad7/locations/us-central1/services/api","timeoutSeconds":60,"environmentVariables":{"FIREBASE_CONFIG":"{\"projectId\":\"mock-api-baad7\",\"storageBucket\":\"mock-api-baad7.firebasestorage.app\"}","GCLOUD_PROJECT":"mock-api-baad7","EVENTARC_CLOUD_EVENT_SOURCE":"projects/mock-api-baad7/locations/us-central1/services/api","FUNCTION_TARGET":"api","LOG_EXECUTION_ID":"true"},"ingressSettings":"ALLOW_ALL","uri":"https://api-nfw5rlbxpa-uc.a.run.app","serviceAccountEmail":"748761841557-compute@developer.gserviceaccount.com","availableMemory":"256Mi","allTrafficOnLatestRevision":true,"revision":"api-00004-qoj","maxInstanceRequestConcurrency":80,"availableCpu":"1"},"state":"ACTIVE","labels":{"deployment-tool":"cloud-console","firebase-functions-hash":"290b05663e4004b77f1a1a8789f958e10329347c"},"environment":"GEN_2","url":"https://us-central1-mock-api-baad7.cloudfunctions.net/api","satisfiesPzi":true},"stages":[{"name":"BUILD","message":"Build finished","state":"COMPLETE","resource":"projects/748761841557/locations/us-central1/builds/2237516e-10d4-4e2b-b3bf-b8af248eb60a","resourceUri":"https://console.cloud.google.com/cloud-build/builds;region=us-central1/2237516e-10d4-4e2b-b3bf-b8af248eb60a?project=748761841557"},{"name":"SERVICE","message":"Updating Cloud Run service","state":"IN_PROGRESS","resource":"projects/mock-api-baad7/locations/us-central1/services/api","resourceUri":"https://console.cloud.google.com/run/detail/us-central1/api?project=mock-api-baad7","stateMessages":[{"severity":"INFO","type":"CloudRunServiceNewRevisionTrafficInfo","message":"A new revision will be deployed serving with 100% traffic."}]}],"sourceToken":"Cldwcm9qZWN0cy83NDg3NjE4NDE1NTcvbG9jYXRpb25zL3VzLWNlbnRyYWwxL2J1aWxkcy8yMjM3NTE2ZS0xMGQ0LTRlMmItYjNiZi1iOGFmMjQ4ZWI2MGESZXVzLWNlbnRyYWwxLWRvY2tlci5wa2cuZGV2L21vY2stYXBpLWJhYWQ3L2djZi1hcnRpZmFjdHMvbW9jay0tYXBpLS1iYWFkN19fdXMtLWNlbnRyYWwxX19hcGk6dmVyc2lvbl8xGJX/u63lFSI7cHJvamVjdHMvbW9jay1hcGktYmFhZDcvbG9jYXRpb25zL3VzLWNlbnRyYWwxL2Z1bmN0aW9ucy9hcGkqDAjtjvbRBhDYuOa2AzIIbm9kZWpzMjA6dgojZ2NyLmlvL2dhZS1ydW50aW1lcy9ub2RlanMyMDpzdGFibGUST3VzLWNlbnRyYWwxLWRvY2tlci5wa2cuZGV2L3NlcnZlcmxlc3MtcnVudGltZXMvZ29vZ2xlLTIyLWZ1bGwvcnVudGltZXMvbm9kZWpzMjBAAQ==","operationType":"UPDATE_FUNCTION","buildName":"projects/748761841557/locations/us-central1/builds/2237516e-10d4-4e2b-b3bf-b8af248eb60a"},"done":false}
[debug] [2026-06-25T19:54:23.539Z] Got source token Cldwcm9qZWN0cy83NDg3NjE4NDE1NTcvbG9jYXRpb25zL3VzLWNlbnRyYWwxL2J1aWxkcy8yMjM3NTE2ZS0xMGQ0LTRlMmItYjNiZi1iOGFmMjQ4ZWI2MGESZXVzLWNlbnRyYWwxLWRvY2tlci5wa2cuZGV2L21vY2stYXBpLWJhYWQ3L2djZi1hcnRpZmFjdHMvbW9jay0tYXBpLS1iYWFkN19fdXMtLWNlbnRyYWwxX19hcGk6dmVyc2lvbl8xGJX/u63lFSI7cHJvamVjdHMvbW9jay1hcGktYmFhZDcvbG9jYXRpb25zL3VzLWNlbnRyYWwxL2Z1bmN0aW9ucy9hcGkqDAjtjvbRBhDYuOa2AzIIbm9kZWpzMjA6dgojZ2NyLmlvL2dhZS1ydW50aW1lcy9ub2RlanMyMDpzdGFibGUST3VzLWNlbnRyYWwxLWRvY2tlci5wa2cuZGV2L3NlcnZlcmxlc3MtcnVudGltZXMvZ29vZ2xlLTIyLWZ1bGwvcnVudGltZXMvbm9kZWpzMjBAAQ== for region us-central1
[debug] [2026-06-25T19:54:33.540Z] [update-default-us-central1-api] Retrying task index 0
[debug] [2026-06-25T19:54:33.540Z] Checked if tokens are valid: true, expires at: 1782420781017
[debug] [2026-06-25T19:54:33.540Z] Checked if tokens are valid: true, expires at: 1782420781017
[debug] [2026-06-25T19:54:33.540Z] >>> [apiv2][query] GET https://cloudfunctions.googleapis.com/v2/projects/mock-api-baad7/locations/us-central1/operations/operation-1782417211810-6551958c06363-48661764-23b94698 [none]
